<?xml version="1.0" encoding="UTF-8"?>
<!-- Generated by org.testng.reporters.JUnitReportReporter -->
<testsuite hostname="JAIhsaroj" failures="0" tests="1" name="mavenforjenkins.UITest" time="13.719" errors="0" timestamp="2023-02-28T13:49:31 IST" skipped="0">
  <testcase classname="mavenforjenkins.UITest" name="startBrowser" time="13.719"/>
  <system-out/>
</testsuite> <!-- mavenforjenkins.UITest -->
