<?xml version="1.0" encoding="UTF-8"?>
<!-- Generated by org.testng.reporters.JUnitReportReporter -->
<testsuite hostname="JAIhsaroj" failures="0" tests="1" name="mavenforjenkins.UITest" time="7.369" errors="0" timestamp="2023-03-03T16:37:40 IST" skipped="0">
  <testcase classname="mavenforjenkins.UITest" name="startBrowser" time="7.369"/>
  <system-out/>
</testsuite> <!-- mavenforjenkins.UITest -->
